-------------------------------------------------------------------------------
Test set: beaconkorea.HelloWorldControllerTest
-------------------------------------------------------------------------------
Tests run: 1, Failures: 1, Errors: 0, Skipped: 0, Time elapsed: 10.567 s <<< FAILURE! - in beaconkorea.HelloWorldControllerTest
beaconkorea.HelloWorldControllerTest.test  Time elapsed: 0.234 s  <<< FAILURE!
java.lang.AssertionError: Status expected:<200> but was:<404>
	at beaconkorea.HelloWorldControllerTest.lambda$test$0(HelloWorldControllerTest.java:66)
	at beaconkorea.HelloWorldControllerTest.test(HelloWorldControllerTest.java:62)

