<?xml version="1.0" encoding="UTF-8"?>
<testsuite xmlns:xsi="http://www.w3.org/2001/XMLSchema-instance" xsi:noNamespaceSchemaLocation="https://maven.apache.org/surefire/maven-surefire-plugin/xsd/surefire-test-report-3.0.xsd" version="3.0" name="beaconkorea.HelloWorldControllerTest" time="34.829" tests="1" errors="0" skipped="0" failures="1">
  <properties>
[...]
</properties>
  <testcase name="test" classname="beaconkorea.HelloWorldControllerTest" time="0.721">
    <failure message="Status expected:&lt;200&gt; but was:&lt;404&gt;" type="java.lang.AssertionError"><![CDATA[java.lang.AssertionError: Status expected:<200> but was:<404>
	at beaconkorea.HelloWorldControllerTest.lambda$test$0(HelloWorldControllerTest.java:66)
	at beaconkorea.HelloWorldControllerTest.test(HelloWorldControllerTest.java:62)
]]></failure>
    <system-out><![CDATA[
  .   ____          _            __ _ _
 /\\ / ___'_ __ _ _(_)_ __  __ _ \ \ \ \
( ( )\___ | '_ | '_| | '_ \/ _` | \ \ \ \
 \\/  ___)| |_)| | | | | || (_| |  ) ) ) )
  '  |____| .__|_| |_|_| |_\__, | / / / /
 =========|_|==============|___/=/_/_/_/
 :: Spring Boot ::                (v2.6.7)


MockHttpServletRequest:
      HTTP Method = GET
      Request URI = /hello
       Parameters = {}
          Headers = []
             Body = null
    Session Attrs = {}

Handler:
             Type = org.springframework.web.servlet.resource.ResourceHttpRequestHandler

Async:
    Async started = false
     Async result = null

Resolved Exception:
             Type = null

ModelAndView:
        View name = null
             View = null
            Model = null

FlashMap:
       Attributes = null

MockHttpServletResponse:
           Status = 404
    Error message = null
          Headers = [Vary:"Origin", "Access-Control-Request-Method", "Access-Control-Request-Headers"]
     Content type = null
             Body = 
    Forwarded URL = null
   Redirected URL = null
          Cookies = []
]]></system-out>
    <system-err><![CDATA[[main] INFO org.springframework.boot.test.context.SpringBootTestContextBootstrapper - Neither @ContextConfiguration nor @ContextHierarchy found for test class [beaconkorea.HelloWorldControllerTest], using SpringBootContextLoader
[main] INFO org.springframework.test.context.support.AbstractContextLoader - Could not detect default resource locations for test class [beaconkorea.HelloWorldControllerTest]: no resource found for suffixes {-context.xml, Context.groovy}.
[main] INFO org.springframework.test.context.support.AnnotationConfigContextLoaderUtils - Could not detect default configuration classes for test class [beaconkorea.HelloWorldControllerTest]: HelloWorldControllerTest does not declare any static, non-private, non-final, nested classes annotated with @Configuration.
[main] INFO org.springframework.boot.test.context.SpringBootTestContextBootstrapper - Found @SpringBootConfiguration beaconkorea.Application for test class beaconkorea.HelloWorldControllerTest
[main] INFO org.springframework.boot.test.context.SpringBootTestContextBootstrapper - Loaded default TestExecutionListener class names from location [META-INF/spring.factories]: [org.springframework.test.context.web.ServletTestExecutionListener, org.springframework.test.context.support.DirtiesContextBeforeModesTestExecutionListener, org.springframework.test.context.event.ApplicationEventsTestExecutionListener, org.springframework.test.context.support.DependencyInjectionTestExecutionListener, org.springframework.test.context.support.DirtiesContextTestExecutionListener, org.springframework.test.context.transaction.TransactionalTestExecutionListener, org.springframework.test.context.jdbc.SqlScriptsTestExecutionListener, org.springframework.test.context.event.EventPublishingTestExecutionListener, org.springframework.boot.test.mock.mockito.MockitoTestExecutionListener, org.springframework.boot.test.mock.mockito.ResetMocksTestExecutionListener, org.springframework.boot.test.autoconfigure.restdocs.RestDocsTestExecutionListener, org.springframework.boot.test.autoconfigure.web.client.MockRestServiceServerResetTestExecutionListener, org.springframework.boot.test.autoconfigure.web.servlet.MockMvcPrintOnlyOnFailureTestExecutionListener, org.springframework.boot.test.autoconfigure.web.servlet.WebDriverTestExecutionListener, org.springframework.boot.test.autoconfigure.webservices.client.MockWebServiceServerTestExecutionListener, org.springframework.security.test.context.support.WithSecurityContextTestExecutionListener, org.springframework.security.test.context.support.ReactorContextTestExecutionListener]
[main] INFO org.springframework.boot.test.context.SpringBootTestContextBootstrapper - Using TestExecutionListeners: [org.springframework.test.context.web.ServletTestExecutionListener@39f93225, org.springframework.test.context.support.DirtiesContextBeforeModesTestExecutionListener@24b3f778, org.springframework.test.context.event.ApplicationEventsTestExecutionListener@164dea80, org.springframework.boot.test.mock.mockito.MockitoTestExecutionListener@4392362c, org.springframework.boot.test.autoconfigure.SpringBootDependencyInjectionTestExecutionListener@338a4c61, org.springframework.test.context.support.DirtiesContextTestExecutionListener@839755f, org.springframework.test.context.transaction.TransactionalTestExecutionListener@71d99732, org.springframework.test.context.jdbc.SqlScriptsTestExecutionListener@2328ec73, org.springframework.test.context.event.EventPublishingTestExecutionListener@42a05533, org.springframework.security.test.context.support.WithSecurityContextTestExecutionListener@17053b5, org.springframework.security.test.context.support.ReactorContextTestExecutionListener@3cad24ae, org.springframework.boot.test.mock.mockito.ResetMocksTestExecutionListener@58021c3c, org.springframework.boot.test.autoconfigure.restdocs.RestDocsTestExecutionListener@18cbc3c2, org.springframework.boot.test.autoconfigure.web.client.MockRestServiceServerResetTestExecutionListener@1b25d695, org.springframework.boot.test.autoconfigure.web.servlet.MockMvcPrintOnlyOnFailureTestExecutionListener@4ef8090b, org.springframework.boot.test.autoconfigure.web.servlet.WebDriverTestExecutionListener@6d31f14, org.springframework.boot.test.autoconfigure.webservices.client.MockWebServiceServerTestExecutionListener@404009df]
[main] INFO beaconkorea.HelloWorldControllerTest - Starting HelloWorldControllerTest using Java 11.0.15 on LAPTOP-JUO1E3NK with PID 39792 (started by 이진호 in C:\Users\ever1\OneDrive\바탕 화면\sap_btp_java\integration-tests)
[main] INFO beaconkorea.HelloWorldControllerTest - No active profile set, falling back to 1 default profile: "default"
[main] INFO org.springframework.boot.autoconfigure.web.servlet.WelcomePageHandlerMapping - Adding welcome page: class path resource [static/index.html]
[main] INFO org.springframework.boot.test.mock.web.SpringBootMockServletContext - Initializing Spring TestDispatcherServlet ''
[main] INFO org.springframework.test.web.servlet.TestDispatcherServlet - Initializing Servlet ''
[main] INFO org.springframework.test.web.servlet.TestDispatcherServlet - Completed initialization in 0 ms
[main] INFO beaconkorea.HelloWorldControllerTest - Started HelloWorldControllerTest in 31.965 seconds (JVM running for 35.356)
[main] WARN com.sap.cloud.sdk.cloudplatform.security.DefaultAuthTokenFacade - Could not find any OAuth2 based service bindings.
]]></system-err>
  </testcase>
</testsuite>